[08-Dec-2016 18:58:00 UTC] PHP Fatal error:  Uncaught Error: Call to undefined function pg_connect() in C:\xampp\htdocs\pkl_helpdesk_v3\db_login.php:7
Stack trace:
#0 C:\xampp\htdocs\pkl_helpdesk_v3\login.php(5): include()
#1 C:\xampp\htdocs\pkl_helpdesk_v3\index.php(2): require('C:\\xampp\\htdocs...')
#2 {main}
  thrown in C:\xampp\htdocs\pkl_helpdesk_v3\db_login.php on line 7
[08-Dec-2016 19:00:24 UTC] PHP Fatal error:  Uncaught Error: Call to undefined function pg_connect() in C:\xampp\htdocs\pkl_helpdesk_v3\db_login.php:7
Stack trace:
#0 C:\xampp\htdocs\pkl_helpdesk_v3\login.php(5): include()
#1 C:\xampp\htdocs\pkl_helpdesk_v3\index.php(2): require('C:\\xampp\\htdocs...')
#2 {main}
  thrown in C:\xampp\htdocs\pkl_helpdesk_v3\db_login.php on line 7
[08-Dec-2016 19:02:20 UTC] PHP Fatal error:  Uncaught Error: Call to undefined function pg_connect() in C:\xampp\htdocs\pkl_helpdesk_v3\db_login.php:7
Stack trace:
#0 C:\xampp\htdocs\pkl_helpdesk_v3\login.php(5): include()
#1 C:\xampp\htdocs\pkl_helpdesk_v3\index.php(2): require('C:\\xampp\\htdocs...')
#2 {main}
  thrown in C:\xampp\htdocs\pkl_helpdesk_v3\db_login.php on line 7
[08-Dec-2016 19:02:24 UTC] PHP Fatal error:  Uncaught Error: Call to undefined function pg_connect() in C:\xampp\htdocs\pkl_helpdesk_v3\db_login.php:7
Stack trace:
#0 C:\xampp\htdocs\pkl_helpdesk_v3\login.php(5): include()
#1 C:\xampp\htdocs\pkl_helpdesk_v3\index.php(2): require('C:\\xampp\\htdocs...')
#2 {main}
  thrown in C:\xampp\htdocs\pkl_helpdesk_v3\db_login.php on line 7
[08-Dec-2016 19:02:41 UTC] PHP Fatal error:  Uncaught Error: Call to undefined function pg_connect() in C:\xampp\htdocs\pkl_helpdesk_v3\db_login.php:7
Stack trace:
#0 C:\xampp\htdocs\pkl_helpdesk_v3\login.php(5): include()
#1 C:\xampp\htdocs\pkl_helpdesk_v3\index.php(2): require('C:\\xampp\\htdocs...')
#2 {main}
  thrown in C:\xampp\htdocs\pkl_helpdesk_v3\db_login.php on line 7
